<?xml version="1.0" encoding="UTF-8"?>
<!-- Generated by org.testng.reporters.JUnitXMLReporter -->
<testsuite ignored="0" hostname="ruthra-Vostro-3458" failures="0" tests="6" name="Default test" time="99.631" errors="0" timestamp="2020-11-19T08:42:11 IST">
  <testcase classname="com.propertycapsule.selenium.testcases.PropertyCapsule_Homepage_test" name="verifydealMakerLoginRedirection" time="12.259"/>
  <testcase classname="com.propertycapsule.selenium.testcases.PropertyCapsule_Homepage_test" name="verifyenterpriseAdminLoginRedirection" time="3.68"/>
  <testcase classname="com.propertycapsule.selenium.testcases.PropertyCapsule_Homepage_test" name="verifylogoIsVisible" time="0.243"/>
  <testcase classname="com.propertycapsule.selenium.testcases.PropertyCapsule_Homepage_test" name="verifymapMakerTabRedirection" time="5.964"/>
  <testcase classname="com.propertycapsule.selenium.testcases.PropertyCapsule_Homepage_test" name="verifymarketingAutomationTabRedirection" time="1.233"/>
  <testcase classname="com.propertycapsule.selenium.testcases.PropertyCapsule_Homepage_test" name="verifytourbooksTabRedirection" time="5.03"/>
</testsuite> <!-- Default test -->
