<?xml version="1.0" encoding="UTF-8"?>
<!-- Generated by org.testng.reporters.JUnitXMLReporter -->
<testsuite ignored="5" hostname="ruthra-Vostro-3458" failures="0" tests="1" name="FFTEst" time="20.015" errors="0" timestamp="2020-11-19T07:00:05 IST">
  <testcase classname="com.propertycapsule.selenium.testcases.PropertyCapsule_Homepage_test" name="verifytourbooksTabRedirection" time="5.431"/>
  <testcase classname="com.propertycapsule.selenium.testcases.PropertyCapsule_Homepage_test" name="verifymapMakerTabRedirection" time="0.0">
    <ignored/>
  </testcase> <!-- verifymapMakerTabRedirection -->
  <testcase classname="com.propertycapsule.selenium.testcases.PropertyCapsule_Homepage_test" name="verifyenterpriseAdminLoginRedirection" time="0.0">
    <ignored/>
  </testcase> <!-- verifyenterpriseAdminLoginRedirection -->
  <testcase classname="com.propertycapsule.selenium.testcases.PropertyCapsule_Homepage_test" name="verifydealMakerLoginRedirection" time="0.0">
    <ignored/>
  </testcase> <!-- verifydealMakerLoginRedirection -->
  <testcase classname="com.propertycapsule.selenium.testcases.PropertyCapsule_Homepage_test" name="verifymarketingAutomationTabRedirection" time="0.0">
    <ignored/>
  </testcase> <!-- verifymarketingAutomationTabRedirection -->
  <testcase classname="com.propertycapsule.selenium.testcases.PropertyCapsule_Homepage_test" name="verifylogoIsVisible" time="0.0">
    <ignored/>
  </testcase> <!-- verifylogoIsVisible -->
</testsuite> <!-- FFTEst -->
