<?xml version="1.0" encoding="UTF-8"?>
<testng-results ignored="5" total="6" passed="1" failed="0" skipped="0">
  <reporter-output>
  </reporter-output>
  <suite started-at="2020-11-19T06:59:45 IST" name="Suite" finished-at="2020-11-19T07:00:05 IST" duration-ms="20015">
    <groups>
    </groups>
    <test started-at="2020-11-19T06:59:45 IST" name="FFTEst" finished-at="2020-11-19T07:00:05 IST" duration-ms="20015">
      <class name="com.propertycapsule.selenium.testcases.PropertyCapsule_Homepage_test">
        <test-method is-config="true" signature="setup(java.lang.String, java.lang.String)[pri:0, instance:com.propertycapsule.selenium.testcases.PropertyCapsule_Homepage_test@3c87521]" started-at="2020-11-19T06:59:45 IST" name="setup" finished-at="2020-11-19T06:59:59 IST" duration-ms="14334" status="PASS">
          <params>
            <param index="0">
              <value>
                <![CDATA[Chrome]]>
              </value>
            </param>
            <param index="1">
              <value>
                <![CDATA[https://www.propertycapsule.com/]]>
              </value>
            </param>
          </params>
          <reporter-output>
          </reporter-output>
        </test-method> <!-- setup -->
        <test-method signature="verifytourbooksTabRedirection()[pri:0, instance:com.propertycapsule.selenium.testcases.PropertyCapsule_Homepage_test@3c87521]" started-at="2020-11-19T06:59:59 IST" name="verifytourbooksTabRedirection" finished-at="2020-11-19T07:00:05 IST" duration-ms="5431" status="PASS">
          <reporter-output>
          </reporter-output>
        </test-method> <!-- verifytourbooksTabRedirection -->
        <test-method is-config="true" signature="tearup()[pri:0, instance:com.propertycapsule.selenium.testcases.PropertyCapsule_Homepage_test@3c87521]" started-at="2020-11-19T07:00:05 IST" name="tearup" finished-at="2020-11-19T07:00:05 IST" duration-ms="182" status="PASS">
          <reporter-output>
          </reporter-output>
        </test-method> <!-- tearup -->
      </class> <!-- com.propertycapsule.selenium.testcases.PropertyCapsule_Homepage_test -->
    </test> <!-- FFTEst -->
  </suite> <!-- Suite -->
</testng-results>
